{"/Users/jundymek/dev/softkraft/devpath/reactBasics/src/components/AddBookForm.tsx": {"path":"/Users/jundymek/dev/softkraft/devpath/reactBasics/src/components/AddBookForm.tsx","statementMap":{"0":{"start":{"line":10,"column":27},"end":{"line":40,"column":1}},"1":{"start":{"line":11,"column":44},"end":{"line":11,"column":65}},"2":{"start":{"line":12,"column":21},"end":{"line":12,"column":36}},"3":{"start":{"line":14,"column":19},"end":{"line":17,"column":3}},"4":{"start":{"line":15,"column":4},"end":{"line":15,"column":65}},"5":{"start":{"line":16,"column":4},"end":{"line":16,"column":11}},"6":{"start":{"line":19,"column":2},"end":{"line":39,"column":3}}},"fnMap":{"0":{"name":"(anonymous_0)","decl":{"start":{"line":10,"column":27},"end":{"line":10,"column":28}},"loc":{"start":{"line":10,"column":33},"end":{"line":40,"column":1}},"line":10},"1":{"name":"(anonymous_1)","decl":{"start":{"line":14,"column":19},"end":{"line":14,"column":20}},"loc":{"start":{"line":14,"column":41},"end":{"line":17,"column":3}},"line":14}},"branchMap":{},"s":{"0":1,"1":1,"2":1,"3":1,"4":0,"5":0,"6":1},"f":{"0":1,"1":0},"b":{},"_coverageSchema":"1a1c01bbd47fc00a2c39e90264f33305004495a9","hash":"2866c95e07204904355c9709c54fac003c2e3a51"}
,"/Users/jundymek/dev/softkraft/devpath/reactBasics/src/components/BookList/BookList.tsx": {"path":"/Users/jundymek/dev/softkraft/devpath/reactBasics/src/components/BookList/BookList.tsx","statementMap":{"0":{"start":{"line":8,"column":24},"end":{"line":67,"column":1}},"1":{"start":{"line":9,"column":49},"end":{"line":9,"column":62}},"2":{"start":{"line":10,"column":33},"end":{"line":10,"column":48}},"3":{"start":{"line":11,"column":19},"end":{"line":11,"column":32}},"4":{"start":{"line":13,"column":2},"end":{"line":13,"column":45}},"5":{"start":{"line":13,"column":17},"end":{"line":13,"column":45}},"6":{"start":{"line":15,"column":23},"end":{"line":17,"column":3}},"7":{"start":{"line":16,"column":4},"end":{"line":16,"column":18}},"8":{"start":{"line":20,"column":32},"end":{"line":22,"column":3}},"9":{"start":{"line":21,"column":4},"end":{"line":21,"column":27}},"10":{"start":{"line":24,"column":2},"end":{"line":66,"column":3}},"11":{"start":{"line":39,"column":12},"end":{"line":59,"column":17}},"12":{"start":{"line":46,"column":33},"end":{"line":46,"column":54}},"13":{"start":{"line":54,"column":33},"end":{"line":54,"column":63}}},"fnMap":{"0":{"name":"(anonymous_0)","decl":{"start":{"line":8,"column":24},"end":{"line":8,"column":25}},"loc":{"start":{"line":8,"column":30},"end":{"line":67,"column":1}},"line":8},"1":{"name":"(anonymous_1)","decl":{"start":{"line":15,"column":23},"end":{"line":15,"column":24}},"loc":{"start":{"line":15,"column":39},"end":{"line":17,"column":3}},"line":15},"2":{"name":"(anonymous_2)","decl":{"start":{"line":20,"column":32},"end":{"line":20,"column":33}},"loc":{"start":{"line":20,"column":48},"end":{"line":22,"column":3}},"line":20},"3":{"name":"(anonymous_3)","decl":{"start":{"line":38,"column":22},"end":{"line":38,"column":23}},"loc":{"start":{"line":39,"column":12},"end":{"line":59,"column":17}},"line":39},"4":{"name":"(anonymous_4)","decl":{"start":{"line":46,"column":27},"end":{"line":46,"column":28}},"loc":{"start":{"line":46,"column":33},"end":{"line":46,"column":54}},"line":46},"5":{"name":"(anonymous_5)","decl":{"start":{"line":54,"column":27},"end":{"line":54,"column":28}},"loc":{"start":{"line":54,"column":33},"end":{"line":54,"column":63}},"line":54}},"branchMap":{"0":{"loc":{"start":{"line":13,"column":2},"end":{"line":13,"column":45}},"type":"if","locations":[{"start":{"line":13,"column":2},"end":{"line":13,"column":45}},{"start":{},"end":{}}],"line":13},"1":{"loc":{"start":{"line":26,"column":7},"end":{"line":26,"column":69}},"type":"binary-expr","locations":[{"start":{"line":26,"column":7},"end":{"line":26,"column":17}},{"start":{"line":26,"column":21},"end":{"line":26,"column":69}}],"line":26}},"s":{"0":1,"1":2,"2":2,"3":2,"4":2,"5":1,"6":1,"7":0,"8":1,"9":0,"10":1,"11":2,"12":0,"13":0},"f":{"0":2,"1":0,"2":0,"3":2,"4":0,"5":0},"b":{"0":[1,1],"1":[1,0]},"_coverageSchema":"1a1c01bbd47fc00a2c39e90264f33305004495a9","hash":"0a3ce02bdffd9d0a94521c088f6d66f48da5cf6c"}
,"/Users/jundymek/dev/softkraft/devpath/reactBasics/src/components/BookList/bookFactory.ts": {"path":"/Users/jundymek/dev/softkraft/devpath/reactBasics/src/components/BookList/bookFactory.ts","statementMap":{"0":{"start":{"line":4,"column":27},"end":{"line":8,"column":3}},"1":{"start":{"line":4,"column":71},"end":{"line":8,"column":1}}},"fnMap":{"0":{"name":"(anonymous_0)","decl":{"start":{"line":4,"column":52},"end":{"line":4,"column":53}},"loc":{"start":{"line":4,"column":71},"end":{"line":8,"column":1}},"line":4}},"branchMap":{},"s":{"0":1,"1":2},"f":{"0":2},"b":{},"_coverageSchema":"1a1c01bbd47fc00a2c39e90264f33305004495a9","hash":"d540b7fdb194567e3136b689efbe693bb0bd6dcb"}
,"/Users/jundymek/dev/softkraft/devpath/reactBasics/src/components/CurrentDate/CurrentDate.tsx": {"path":"/Users/jundymek/dev/softkraft/devpath/reactBasics/src/components/CurrentDate/CurrentDate.tsx","statementMap":{"0":{"start":{"line":3,"column":27},"end":{"line":7,"column":1}},"1":{"start":{"line":4,"column":16},"end":{"line":4,"column":41}},"2":{"start":{"line":6,"column":2},"end":{"line":6,"column":48}}},"fnMap":{"0":{"name":"(anonymous_0)","decl":{"start":{"line":3,"column":27},"end":{"line":3,"column":28}},"loc":{"start":{"line":3,"column":33},"end":{"line":7,"column":1}},"line":3}},"branchMap":{},"s":{"0":1,"1":1,"2":1},"f":{"0":1},"b":{},"_coverageSchema":"1a1c01bbd47fc00a2c39e90264f33305004495a9","hash":"bb4a7018dd628c6e9d6b415ec0f2d1f2230e87e5"}
,"/Users/jundymek/dev/softkraft/devpath/reactBasics/src/components/SimpleForm/SimpleForm.tsx": {"path":"/Users/jundymek/dev/softkraft/devpath/reactBasics/src/components/SimpleForm/SimpleForm.tsx","statementMap":{"0":{"start":{"line":4,"column":26},"end":{"line":37,"column":1}},"1":{"start":{"line":5,"column":34},"end":{"line":5,"column":48}},"2":{"start":{"line":6,"column":26},"end":{"line":6,"column":44}},"3":{"start":{"line":8,"column":23},"end":{"line":10,"column":3}},"4":{"start":{"line":9,"column":4},"end":{"line":9,"column":27}},"5":{"start":{"line":12,"column":23},"end":{"line":16,"column":3}},"6":{"start":{"line":13,"column":4},"end":{"line":13,"column":22}},"7":{"start":{"line":14,"column":4},"end":{"line":14,"column":21}},"8":{"start":{"line":15,"column":4},"end":{"line":15,"column":22}},"9":{"start":{"line":18,"column":27},"end":{"line":20,"column":3}},"10":{"start":{"line":19,"column":4},"end":{"line":19,"column":32}},"11":{"start":{"line":19,"column":26},"end":{"line":19,"column":31}},"12":{"start":{"line":22,"column":2},"end":{"line":36,"column":3}}},"fnMap":{"0":{"name":"(anonymous_0)","decl":{"start":{"line":4,"column":26},"end":{"line":4,"column":27}},"loc":{"start":{"line":4,"column":32},"end":{"line":37,"column":1}},"line":4},"1":{"name":"(anonymous_1)","decl":{"start":{"line":8,"column":23},"end":{"line":8,"column":24}},"loc":{"start":{"line":8,"column":67},"end":{"line":10,"column":3}},"line":8},"2":{"name":"(anonymous_2)","decl":{"start":{"line":12,"column":23},"end":{"line":12,"column":24}},"loc":{"start":{"line":12,"column":47},"end":{"line":16,"column":3}},"line":12},"3":{"name":"(anonymous_3)","decl":{"start":{"line":18,"column":27},"end":{"line":18,"column":28}},"loc":{"start":{"line":18,"column":33},"end":{"line":20,"column":3}},"line":18},"4":{"name":"(anonymous_4)","decl":{"start":{"line":19,"column":16},"end":{"line":19,"column":17}},"loc":{"start":{"line":19,"column":26},"end":{"line":19,"column":31}},"line":19}},"branchMap":{"0":{"loc":{"start":{"line":25,"column":7},"end":{"line":33,"column":7}},"type":"cond-expr","locations":[{"start":{"line":26,"column":8},"end":{"line":30,"column":15}},{"start":{"line":32,"column":8},"end":{"line":32,"column":21}}],"line":25},"1":{"loc":{"start":{"line":28,"column":46},"end":{"line":28,"column":56}},"type":"binary-expr","locations":[{"start":{"line":28,"column":46},"end":{"line":28,"column":50}},{"start":{"line":28,"column":54},"end":{"line":28,"column":56}}],"line":28},"2":{"loc":{"start":{"line":34,"column":7},"end":{"line":34,"column":73}},"type":"binary-expr","locations":[{"start":{"line":34,"column":7},"end":{"line":34,"column":16}},{"start":{"line":34,"column":20},"end":{"line":34,"column":73}}],"line":34}},"s":{"0":1,"1":10,"2":10,"3":10,"4":3,"5":10,"6":2,"7":2,"8":2,"9":10,"10":1,"11":1,"12":10},"f":{"0":10,"1":3,"2":2,"3":1,"4":1},"b":{"0":[8,2],"1":[8,4],"2":[10,2]},"_coverageSchema":"1a1c01bbd47fc00a2c39e90264f33305004495a9","hash":"d731cc1c20786ba3539149fa27cec8c697093c53"}
,"/Users/jundymek/dev/softkraft/devpath/reactBasics/src/hooks/reactQuery/useCreateBook.ts": {"path":"/Users/jundymek/dev/softkraft/devpath/reactBasics/src/hooks/reactQuery/useCreateBook.ts","statementMap":{"0":{"start":{"line":9,"column":29},"end":{"line":37,"column":1}},"1":{"start":{"line":10,"column":22},"end":{"line":10,"column":38}},"2":{"start":{"line":11,"column":2},"end":{"line":36,"column":4}},"3":{"start":{"line":13,"column":28},"end":{"line":13,"column":70}},"4":{"start":{"line":14,"column":6},"end":{"line":16,"column":7}},"5":{"start":{"line":15,"column":8},"end":{"line":15,"column":48}},"6":{"start":{"line":17,"column":20},"end":{"line":17,"column":46}},"7":{"start":{"line":18,"column":21},"end":{"line":18,"column":107}},"8":{"start":{"line":18,"column":75},"end":{"line":18,"column":99}},"9":{"start":{"line":21,"column":23},"end":{"line":27,"column":8}},"10":{"start":{"line":28,"column":6},"end":{"line":30,"column":7}},"11":{"start":{"line":29,"column":8},"end":{"line":29,"column":54}},"12":{"start":{"line":34,"column":6},"end":{"line":34,"column":60}}},"fnMap":{"0":{"name":"(anonymous_0)","decl":{"start":{"line":9,"column":29},"end":{"line":9,"column":30}},"loc":{"start":{"line":9,"column":35},"end":{"line":37,"column":1}},"line":9},"1":{"name":"(anonymous_1)","decl":{"start":{"line":12,"column":16},"end":{"line":12,"column":17}},"loc":{"start":{"line":12,"column":48},"end":{"line":31,"column":5}},"line":12},"2":{"name":"(anonymous_2)","decl":{"start":{"line":18,"column":34},"end":{"line":18,"column":35}},"loc":{"start":{"line":18,"column":75},"end":{"line":18,"column":99}},"line":18},"3":{"name":"(anonymous_3)","decl":{"start":{"line":32,"column":15},"end":{"line":32,"column":16}},"loc":{"start":{"line":32,"column":21},"end":{"line":35,"column":5}},"line":32}},"branchMap":{"0":{"loc":{"start":{"line":14,"column":6},"end":{"line":16,"column":7}},"type":"if","locations":[{"start":{"line":14,"column":6},"end":{"line":16,"column":7}},{"start":{},"end":{}}],"line":14},"1":{"loc":{"start":{"line":28,"column":6},"end":{"line":30,"column":7}},"type":"if","locations":[{"start":{"line":28,"column":6},"end":{"line":30,"column":7}},{"start":{},"end":{}}],"line":28}},"s":{"0":1,"1":1,"2":1,"3":0,"4":0,"5":0,"6":0,"7":0,"8":0,"9":0,"10":0,"11":0,"12":0},"f":{"0":1,"1":0,"2":0,"3":0},"b":{"0":[0,0],"1":[0,0]},"_coverageSchema":"1a1c01bbd47fc00a2c39e90264f33305004495a9","hash":"bafdfc06141520edc2661613044105aba3362200"}
,"/Users/jundymek/dev/softkraft/devpath/reactBasics/src/hooks/reactQuery/useDeleteBook.ts": {"path":"/Users/jundymek/dev/softkraft/devpath/reactBasics/src/hooks/reactQuery/useDeleteBook.ts","statementMap":{"0":{"start":{"line":3,"column":29},"end":{"line":18,"column":1}},"1":{"start":{"line":4,"column":22},"end":{"line":4,"column":38}},"2":{"start":{"line":5,"column":2},"end":{"line":17,"column":4}},"3":{"start":{"line":7,"column":23},"end":{"line":9,"column":8}},"4":{"start":{"line":10,"column":6},"end":{"line":12,"column":7}},"5":{"start":{"line":11,"column":8},"end":{"line":11,"column":54}},"6":{"start":{"line":15,"column":6},"end":{"line":15,"column":60}}},"fnMap":{"0":{"name":"(anonymous_0)","decl":{"start":{"line":3,"column":29},"end":{"line":3,"column":30}},"loc":{"start":{"line":3,"column":35},"end":{"line":18,"column":1}},"line":3},"1":{"name":"(anonymous_1)","decl":{"start":{"line":6,"column":16},"end":{"line":6,"column":17}},"loc":{"start":{"line":6,"column":42},"end":{"line":13,"column":5}},"line":6},"2":{"name":"(anonymous_2)","decl":{"start":{"line":14,"column":15},"end":{"line":14,"column":16}},"loc":{"start":{"line":14,"column":21},"end":{"line":16,"column":5}},"line":14}},"branchMap":{"0":{"loc":{"start":{"line":10,"column":6},"end":{"line":12,"column":7}},"type":"if","locations":[{"start":{"line":10,"column":6},"end":{"line":12,"column":7}},{"start":{},"end":{}}],"line":10}},"s":{"0":1,"1":2,"2":2,"3":0,"4":0,"5":0,"6":0},"f":{"0":2,"1":0,"2":0},"b":{"0":[0,0]},"_coverageSchema":"1a1c01bbd47fc00a2c39e90264f33305004495a9","hash":"5953e56f10c547eeea5315213870734d5cc3d039"}
}
